mode: set
github.com/Ulbora/GoAuth2-ui/handlers/allowedUriHandler.go:41.82,43.9 2 1
github.com/Ulbora/GoAuth2-ui/handlers/allowedUriHandler.go:43.9,48.66 4 1
github.com/Ulbora/GoAuth2-ui/handlers/allowedUriHandler.go:48.66,50.4 1 1
github.com/Ulbora/GoAuth2-ui/handlers/allowedUriHandler.go:50.9,55.22 5 1
github.com/Ulbora/GoAuth2-ui/handlers/allowedUriHandler.go:55.22,70.29 10 1
github.com/Ulbora/GoAuth2-ui/handlers/allowedUriHandler.go:79.5,84.30 4 1
github.com/Ulbora/GoAuth2-ui/handlers/allowedUriHandler.go:93.5,100.62 6 1
github.com/Ulbora/GoAuth2-ui/handlers/allowedUriHandler.go:70.29,74.31 3 1
github.com/Ulbora/GoAuth2-ui/handlers/allowedUriHandler.go:74.31,77.7 2 1
github.com/Ulbora/GoAuth2-ui/handlers/allowedUriHandler.go:84.30,92.6 7 1
github.com/Ulbora/GoAuth2-ui/handlers/allowedUriHandler.go:107.85,109.9 2 1
github.com/Ulbora/GoAuth2-ui/handlers/allowedUriHandler.go:109.9,114.66 4 1
github.com/Ulbora/GoAuth2-ui/handlers/allowedUriHandler.go:114.66,116.4 1 1
github.com/Ulbora/GoAuth2-ui/handlers/allowedUriHandler.go:116.9,130.44 10 1
github.com/Ulbora/GoAuth2-ui/handlers/allowedUriHandler.go:145.4,145.76 1 1
github.com/Ulbora/GoAuth2-ui/handlers/allowedUriHandler.go:130.44,137.30 6 1
github.com/Ulbora/GoAuth2-ui/handlers/allowedUriHandler.go:137.30,143.6 5 1
github.com/Ulbora/GoAuth2-ui/handlers/allowedUriHandler.go:151.88,153.9 2 1
github.com/Ulbora/GoAuth2-ui/handlers/allowedUriHandler.go:153.9,158.66 4 1
github.com/Ulbora/GoAuth2-ui/handlers/allowedUriHandler.go:158.66,160.4 1 1
github.com/Ulbora/GoAuth2-ui/handlers/allowedUriHandler.go:160.9,185.32 17 1
github.com/Ulbora/GoAuth2-ui/handlers/allowedUriHandler.go:188.4,201.29 12 1
github.com/Ulbora/GoAuth2-ui/handlers/allowedUriHandler.go:215.4,215.76 1 1
github.com/Ulbora/GoAuth2-ui/handlers/allowedUriHandler.go:185.32,187.5 1 1
github.com/Ulbora/GoAuth2-ui/handlers/allowedUriHandler.go:201.29,202.27 1 1
github.com/Ulbora/GoAuth2-ui/handlers/allowedUriHandler.go:202.27,213.6 8 1
github.com/Ulbora/GoAuth2-ui/handlers/allowedUriHandler.go:221.88,223.9 2 1
github.com/Ulbora/GoAuth2-ui/handlers/allowedUriHandler.go:223.9,228.66 4 1
github.com/Ulbora/GoAuth2-ui/handlers/allowedUriHandler.go:228.66,230.4 1 1
github.com/Ulbora/GoAuth2-ui/handlers/allowedUriHandler.go:230.9,252.59 15 1
github.com/Ulbora/GoAuth2-ui/handlers/allowedUriHandler.go:252.59,263.5 7 1
github.com/Ulbora/GoAuth2-ui/handlers/clientHandler.go:46.78,48.9 2 1
github.com/Ulbora/GoAuth2-ui/handlers/clientHandler.go:48.9,54.66 5 1
github.com/Ulbora/GoAuth2-ui/handlers/clientHandler.go:54.66,56.4 1 1
github.com/Ulbora/GoAuth2-ui/handlers/clientHandler.go:56.9,61.24 4 1
github.com/Ulbora/GoAuth2-ui/handlers/clientHandler.go:68.4,71.57 4 1
github.com/Ulbora/GoAuth2-ui/handlers/clientHandler.go:61.24,67.5 3 1
github.com/Ulbora/GoAuth2-ui/handlers/clientHandler.go:78.80,80.9 2 1
github.com/Ulbora/GoAuth2-ui/handlers/clientHandler.go:80.9,85.66 4 1
github.com/Ulbora/GoAuth2-ui/handlers/clientHandler.go:85.66,87.4 1 1
github.com/Ulbora/GoAuth2-ui/handlers/clientHandler.go:87.9,89.4 1 1
github.com/Ulbora/GoAuth2-ui/handlers/clientHandler.go:94.81,96.9 2 1
github.com/Ulbora/GoAuth2-ui/handlers/clientHandler.go:96.9,101.66 4 1
github.com/Ulbora/GoAuth2-ui/handlers/clientHandler.go:101.66,103.4 1 1
github.com/Ulbora/GoAuth2-ui/handlers/clientHandler.go:103.9,108.22 4 1
github.com/Ulbora/GoAuth2-ui/handlers/clientHandler.go:108.22,115.49 7 1
github.com/Ulbora/GoAuth2-ui/handlers/clientHandler.go:118.5,118.61 1 1
github.com/Ulbora/GoAuth2-ui/handlers/clientHandler.go:115.49,117.6 1 1
github.com/Ulbora/GoAuth2-ui/handlers/clientHandler.go:125.80,127.9 2 1
github.com/Ulbora/GoAuth2-ui/handlers/clientHandler.go:127.9,132.66 4 1
github.com/Ulbora/GoAuth2-ui/handlers/clientHandler.go:132.66,134.4 1 1
github.com/Ulbora/GoAuth2-ui/handlers/clientHandler.go:134.9,157.24 17 1
github.com/Ulbora/GoAuth2-ui/handlers/clientHandler.go:162.4,165.32 3 1
github.com/Ulbora/GoAuth2-ui/handlers/clientHandler.go:170.4,173.27 3 1
github.com/Ulbora/GoAuth2-ui/handlers/clientHandler.go:157.24,159.5 1 1
github.com/Ulbora/GoAuth2-ui/handlers/clientHandler.go:159.10,161.5 1 1
github.com/Ulbora/GoAuth2-ui/handlers/clientHandler.go:165.32,169.5 3 1
github.com/Ulbora/GoAuth2-ui/handlers/clientHandler.go:173.27,175.5 1 1
github.com/Ulbora/GoAuth2-ui/handlers/clientHandler.go:175.10,177.5 1 1
github.com/Ulbora/GoAuth2-ui/handlers/clientHandler.go:183.83,185.9 2 1
github.com/Ulbora/GoAuth2-ui/handlers/clientHandler.go:185.9,190.66 4 1
github.com/Ulbora/GoAuth2-ui/handlers/clientHandler.go:190.66,192.4 1 1
github.com/Ulbora/GoAuth2-ui/handlers/clientHandler.go:192.9,195.20 3 1
github.com/Ulbora/GoAuth2-ui/handlers/clientHandler.go:199.4,221.24 17 1
github.com/Ulbora/GoAuth2-ui/handlers/clientHandler.go:226.4,229.27 3 1
github.com/Ulbora/GoAuth2-ui/handlers/clientHandler.go:195.20,198.5 1 1
github.com/Ulbora/GoAuth2-ui/handlers/clientHandler.go:221.24,223.5 1 1
github.com/Ulbora/GoAuth2-ui/handlers/clientHandler.go:223.10,225.5 1 1
github.com/Ulbora/GoAuth2-ui/handlers/clientHandler.go:229.27,231.5 1 1
github.com/Ulbora/GoAuth2-ui/handlers/clientHandler.go:231.10,234.5 2 1
github.com/Ulbora/GoAuth2-ui/handlers/handlers.go:106.41,110.2 3 1
github.com/Ulbora/GoAuth2-ui/handlers/handlers.go:115.76,117.2 1 1
github.com/Ulbora/GoAuth2-ui/handlers/handlers.go:119.78,123.20 3 1
github.com/Ulbora/GoAuth2-ui/handlers/handlers.go:130.2,130.14 1 1
github.com/Ulbora/GoAuth2-ui/handlers/handlers.go:158.2,158.18 1 1
github.com/Ulbora/GoAuth2-ui/handlers/handlers.go:123.20,129.3 3 1
github.com/Ulbora/GoAuth2-ui/handlers/handlers.go:130.14,152.17 9 1
github.com/Ulbora/GoAuth2-ui/handlers/handlers.go:152.17,155.4 2 1
github.com/Ulbora/GoAuth2-ui/handlers/loginHandler.go:32.76,35.2 1 1
github.com/Ulbora/GoAuth2-ui/handlers/loginHandler.go:38.77,56.2 6 1
github.com/Ulbora/GoAuth2-ui/handlers/loginHandler.go:58.79,75.2 13 1
github.com/Ulbora/GoAuth2-ui/handlers/loginHandler.go:77.76,82.42 4 1
github.com/Ulbora/GoAuth2-ui/handlers/loginHandler.go:82.42,97.44 10 1
github.com/Ulbora/GoAuth2-ui/handlers/loginHandler.go:97.44,100.11 2 1
github.com/Ulbora/GoAuth2-ui/handlers/loginHandler.go:100.11,109.5 6 1
github.com/Ulbora/GoAuth2-ui/handlers/oauthHandler.go:63.77,66.9 2 1
github.com/Ulbora/GoAuth2-ui/handlers/oauthHandler.go:66.9,73.66 5 1
github.com/Ulbora/GoAuth2-ui/handlers/oauthHandler.go:73.66,75.4 1 1
github.com/Ulbora/GoAuth2-ui/handlers/oauthHandler.go:75.9,81.22 5 1
github.com/Ulbora/GoAuth2-ui/handlers/oauthHandler.go:81.22,94.5 9 1
github.com/Ulbora/GoAuth2-ui/handlers/utilities.go:28.78,31.18 3 1
github.com/Ulbora/GoAuth2-ui/handlers/utilities.go:36.2,37.19 2 1
github.com/Ulbora/GoAuth2-ui/handlers/utilities.go:31.18,33.3 1 1
github.com/Ulbora/GoAuth2-ui/handlers/utilities.go:33.8,35.3 1 1
