mode: set
github.com/Ulbora/GoAuth2-ui/services/oauth2ClientService.go:61.67,65.16 4 1
github.com/Ulbora/GoAuth2-ui/services/oauth2ClientService.go:77.2,77.12 1 1
github.com/Ulbora/GoAuth2-ui/services/oauth2ClientService.go:65.16,67.18 2 1
github.com/Ulbora/GoAuth2-ui/services/oauth2ClientService.go:67.18,75.4 7 1
github.com/Ulbora/GoAuth2-ui/services/oauth2ClientService.go:81.70,87.16 4 1
github.com/Ulbora/GoAuth2-ui/services/oauth2ClientService.go:98.2,98.12 1 1
github.com/Ulbora/GoAuth2-ui/services/oauth2ClientService.go:87.16,89.18 2 1
github.com/Ulbora/GoAuth2-ui/services/oauth2ClientService.go:89.18,96.4 6 1
github.com/Ulbora/GoAuth2-ui/services/oauth2ClientService.go:102.60,107.17 4 1
github.com/Ulbora/GoAuth2-ui/services/oauth2ClientService.go:113.2,113.12 1 1
github.com/Ulbora/GoAuth2-ui/services/oauth2ClientService.go:107.17,112.3 4 1
github.com/Ulbora/GoAuth2-ui/services/oauth2ClientService.go:117.51,122.17 4 1
github.com/Ulbora/GoAuth2-ui/services/oauth2ClientService.go:128.2,128.13 1 1
github.com/Ulbora/GoAuth2-ui/services/oauth2ClientService.go:122.17,127.3 4 1
github.com/Ulbora/GoAuth2-ui/services/oauth2ClientService.go:132.64,136.16 4 1
github.com/Ulbora/GoAuth2-ui/services/oauth2ClientService.go:146.2,146.13 1 1
github.com/Ulbora/GoAuth2-ui/services/oauth2ClientService.go:136.16,138.18 2 1
github.com/Ulbora/GoAuth2-ui/services/oauth2ClientService.go:138.18,144.4 5 1
github.com/Ulbora/GoAuth2-ui/services/oauth2ClientService.go:150.65,155.17 4 1
github.com/Ulbora/GoAuth2-ui/services/oauth2ClientService.go:163.2,163.12 1 1
github.com/Ulbora/GoAuth2-ui/services/oauth2ClientService.go:155.17,162.3 6 1
github.com/Ulbora/GoAuth2-ui/services/oauth2RedirectUriService.go:57.83,62.16 4 1
github.com/Ulbora/GoAuth2-ui/services/oauth2RedirectUriService.go:94.2,94.12 1 1
github.com/Ulbora/GoAuth2-ui/services/oauth2RedirectUriService.go:62.16,64.3 1 0
github.com/Ulbora/GoAuth2-ui/services/oauth2RedirectUriService.go:64.8,66.18 2 1
github.com/Ulbora/GoAuth2-ui/services/oauth2RedirectUriService.go:66.18,69.4 2 0
github.com/Ulbora/GoAuth2-ui/services/oauth2RedirectUriService.go:69.9,78.19 7 1
github.com/Ulbora/GoAuth2-ui/services/oauth2RedirectUriService.go:78.19,81.5 2 0
github.com/Ulbora/GoAuth2-ui/services/oauth2RedirectUriService.go:81.10,87.21 4 1
github.com/Ulbora/GoAuth2-ui/services/oauth2RedirectUriService.go:90.5,90.31 1 1
github.com/Ulbora/GoAuth2-ui/services/oauth2RedirectUriService.go:87.21,89.6 1 0
github.com/Ulbora/GoAuth2-ui/services/oauth2RedirectUriService.go:98.81,103.17 4 1
github.com/Ulbora/GoAuth2-ui/services/oauth2RedirectUriService.go:124.2,124.13 1 1
github.com/Ulbora/GoAuth2-ui/services/oauth2RedirectUriService.go:103.17,106.3 2 0
github.com/Ulbora/GoAuth2-ui/services/oauth2RedirectUriService.go:106.8,112.18 6 1
github.com/Ulbora/GoAuth2-ui/services/oauth2RedirectUriService.go:112.18,115.4 2 0
github.com/Ulbora/GoAuth2-ui/services/oauth2RedirectUriService.go:115.9,119.20 4 1
github.com/Ulbora/GoAuth2-ui/services/oauth2RedirectUriService.go:119.20,121.5 1 0
github.com/Ulbora/GoAuth2-ui/services/oauth2RedirectUriService.go:128.80,133.17 4 1
github.com/Ulbora/GoAuth2-ui/services/oauth2RedirectUriService.go:158.2,158.12 1 1
github.com/Ulbora/GoAuth2-ui/services/oauth2RedirectUriService.go:133.17,136.3 2 0
github.com/Ulbora/GoAuth2-ui/services/oauth2RedirectUriService.go:136.8,145.18 7 1
github.com/Ulbora/GoAuth2-ui/services/oauth2RedirectUriService.go:145.18,148.4 2 0
github.com/Ulbora/GoAuth2-ui/services/oauth2RedirectUriService.go:148.9,152.20 4 1
github.com/Ulbora/GoAuth2-ui/services/oauth2RedirectUriService.go:155.4,155.30 1 1
github.com/Ulbora/GoAuth2-ui/services/oauth2RedirectUriService.go:152.20,154.5 1 0
github.com/Ulbora/GoAuth2-ui/services/service.go:80.42,84.2 3 0
